# JRE version: OpenJDK Runtime Environment (11.0.10) (build 11.0.10+0-b96-7249189)
# Java VM: OpenJDK 64-Bit Server VM (11.0.10+0-b96-7249189, mixed mode, tiered, compressed oops, g1 gc, windows-amd64)
Heap:
 garbage-first heap   total 131072K, used 39930K [0x0000000080000000, 0x0000000100000000)
  region size 1024K, 19 young (19456K), 8 survivors (8192K)
 Metaspace       used 46631K, capacity 47897K, committed 48256K, reserved 1091584K
  class space    used 5976K, capacity 6422K, committed 6528K, reserved 1048576K
GC Heap History (16 events):
Event: 1.448 GC heap before
{Heap before GC invocations=0 (full 0):
 garbage-first heap   total 131072K, used 19456K [0x0000000080000000, 0x0000000100000000)
  region size 1024K, 14 young (14336K), 0 survivors (0K)
 Metaspace       used 6725K, capacity 6921K, committed 7168K, reserved 1056768K
  class space    used 582K, capacity 650K, committed 768K, reserved 1048576K
}
Event: 1.452 GC heap after
{Heap after GC invocations=1 (full 0):
 garbage-first heap   total 131072K, used 7829K [0x0000000080000000, 0x0000000100000000)
  region size 1024K, 2 young (2048K), 2 survivors (2048K)
 Metaspace       used 6725K, capacity 6921K, committed 7168K, reserved 1056768K
  class space    used 582K, capacity 650K, committed 768K, reserved 1048576K
}
Event: 1.875 GC heap before
{Heap before GC invocations=1 (full 0):
 garbage-first heap   total 131072K, used 19093K [0x0000000080000000, 0x0000000100000000)
  region size 1024K, 13 young (13312K), 2 survivors (2048K)
 Metaspace       used 9803K, capacity 9986K, committed 10112K, reserved 1058816K
  class space    used 1021K, capacity 1102K, committed 1152K, reserved 1048576K
}
Event: 1.879 GC heap after
{Heap after GC invocations=2 (full 0):
 garbage-first heap   total 131072K, used 9039K [0x0000000080000000, 0x0000000100000000)
  region size 1024K, 2 young (2048K), 2 survivors (2048K)
 Metaspace       used 9803K, capacity 9986K, committed 10112K, reserved 1058816K
  class space    used 1021K, capacity 1102K, committed 1152K, reserved 1048576K
}
Event: 2.342 GC heap before
{Heap before GC invocations=2 (full 0):
 garbage-first heap   total 131072K, used 38735K [0x0000000080000000, 0x0000000100000000)
  region size 1024K, 31 young (31744K), 2 survivors (2048K)
 Metaspace       used 10742K, capacity 10939K, committed 11264K, reserved 1058816K
  class space    used 1124K, capacity 1206K, committed 1280K, reserved 1048576K
}
Event: 2.346 GC heap after
{Heap after GC invocations=3 (full 0):
 garbage-first heap   total 131072K, used 11711K [0x0000000080000000, 0x0000000100000000)
  region size 1024K, 3 young (3072K), 3 survivors (3072K)
 Metaspace       used 10742K, capacity 10939K, committed 11264K, reserved 1058816K
  class space    used 1124K, capacity 1206K, committed 1280K, reserved 1048576K
}
Event: 5.005 GC heap before
{Heap before GC invocations=3 (full 0):
 garbage-first heap   total 131072K, used 76223K [0x0000000080000000, 0x0000000100000000)
  region size 1024K, 67 young (68608K), 3 survivors (3072K)
 Metaspace       used 20610K, capacity 21118K, committed 21248K, reserved 1067008K
  class space    used 2519K, capacity 2720K, committed 2816K, reserved 1048576K
}
Event: 5.015 GC heap after
{Heap after GC invocations=4 (full 0):
 garbage-first heap   total 131072K, used 16329K [0x0000000080000000, 0x0000000100000000)
  region size 1024K, 9 young (9216K), 9 survivors (9216K)
 Metaspace       used 20610K, capacity 21118K, committed 21248K, reserved 1067008K
  class space    used 2519K, capacity 2720K, committed 2816K, reserved 1048576K
}
Event: 7.462 GC heap before
{Heap before GC invocations=5 (full 0):
 garbage-first heap   total 131072K, used 82889K [0x0000000080000000, 0x0000000100000000)
  region size 1024K, 74 young (75776K), 9 survivors (9216K)
 Metaspace       used 26782K, capacity 27445K, committed 27648K, reserved 1073152K
  class space    used 3537K, capacity 3793K, committed 3840K, reserved 1048576K
}
Event: 7.473 GC heap after
{Heap after GC invocations=6 (full 0):
 garbage-first heap   total 131072K, used 18989K [0x0000000080000000, 0x0000000100000000)
  region size 1024K, 3 young (3072K), 3 survivors (3072K)
 Metaspace       used 26782K, capacity 27445K, committed 27648K, reserved 1073152K
  class space    used 3537K, capacity 3793K, committed 3840K, reserved 1048576K
}
Event: 9.132 GC heap before
{Heap before GC invocations=6 (full 0):
 garbage-first heap   total 131072K, used 60973K [0x0000000080000000, 0x0000000100000000)
  region size 1024K, 46 young (47104K), 3 survivors (3072K)
 Metaspace       used 35036K, capacity 35798K, committed 35840K, reserved 1081344K
  class space    used 4542K, capacity 4832K, committed 4864K, reserved 1048576K
}
Event: 9.144 GC heap after
{Heap after GC invocations=7 (full 0):
 garbage-first heap   total 131072K, used 21741K [0x0000000080000000, 0x0000000100000000)
  region size 1024K, 6 young (6144K), 6 survivors (6144K)
 Metaspace       used 35036K, capacity 35798K, committed 35840K, reserved 1081344K
  class space    used 4542K, capacity 4832K, committed 4864K, reserved 1048576K
}
Event: 10.515 GC heap before
{Heap before GC invocations=8 (full 0):
 garbage-first heap   total 131072K, used 93421K [0x0000000080000000, 0x0000000100000000)
  region size 1024K, 74 young (75776K), 6 survivors (6144K)
 Metaspace       used 40095K, capacity 41037K, committed 41088K, reserved 1085440K
  class space    used 5154K, capacity 5500K, committed 5504K, reserved 1048576K
}
Event: 10.537 GC heap after
{Heap after GC invocations=9 (full 0):
 garbage-first heap   total 131072K, used 27007K [0x0000000080000000, 0x0000000100000000)
  region size 1024K, 9 young (9216K), 9 survivors (9216K)
 Metaspace       used 40095K, capacity 41037K, committed 41088K, reserved 1085440K
  class space    used 5154K, capacity 5500K, committed 5504K, reserved 1048576K
}
Event: 12.847 GC heap before
{Heap before GC invocations=10 (full 0):
 garbage-first heap   total 131072K, used 95615K [0x0000000080000000, 0x0000000100000000)
  region size 1024K, 76 young (77824K), 9 survivors (9216K)
 Metaspace       used 45949K, capacity 47129K, committed 47360K, reserved 1089536K
  class space    used 5890K, capacity 6316K, committed 6400K, reserved 1048576K
}
Event: 12.873 GC heap after
{Heap after GC invocations=11 (full 0):
 garbage-first heap   total 131072K, used 29690K [0x0000000080000000, 0x0000000100000000)
  region size 1024K, 8 young (8192K), 8 survivors (8192K)
 Metaspace       used 45949K, capacity 47129K, committed 47360K, reserved 1089536K
  class space    used 5890K, capacity 6316K, committed 6400K, reserved 1048576K
}

